c:\users\julien\documents\visual studio 2013\projects\game\game\debug\vc120.pdb
c:\users\julien\documents\visual studio 2013\projects\game\game\debug\vc120.idb
c:\users\julien\documents\visual studio 2013\projects\game\game\debug\debug.obj
c:\users\julien\documents\visual studio 2013\projects\game\game\debug\graphicsapi.obj
c:\users\julien\documents\visual studio 2013\projects\game\game\debug\model.obj
c:\users\julien\documents\visual studio 2013\projects\game\game\debug\shaderprogram.obj
c:\users\julien\documents\visual studio 2013\projects\game\game\debug\window.obj
c:\users\julien\documents\visual studio 2013\projects\game\game\debug\input.obj
c:\users\julien\documents\visual studio 2013\projects\game\game\debug\log.obj
c:\users\julien\documents\visual studio 2013\projects\game\game\debug\main.obj
c:\users\julien\documents\visual studio 2013\projects\game\game\debug\mat3.obj
c:\users\julien\documents\visual studio 2013\projects\game\game\debug\mat4.obj
c:\users\julien\documents\visual studio 2013\projects\game\game\debug\quat.obj
c:\users\julien\documents\visual studio 2013\projects\game\game\debug\vec2.obj
c:\users\julien\documents\visual studio 2013\projects\game\game\debug\vec3.obj
c:\users\julien\documents\visual studio 2013\projects\game\game\debug\vec4.obj
c:\users\julien\documents\visual studio 2013\projects\game\game\debug\camera.obj
c:\users\julien\documents\visual studio 2013\projects\game\game\debug\chunk.obj
c:\users\julien\documents\visual studio 2013\projects\game\game\debug\world.obj
c:\users\julien\documents\visual studio 2013\projects\game\game\debug\chunkmanager.obj
c:\users\julien\documents\visual studio 2013\projects\game\game\debug\timer.obj
c:\users\julien\documents\visual studio 2013\projects\game\game\debug\noise.obj
c:\users\julien\documents\visual studio 2013\projects\game\game\debug\threadpool.obj
c:\users\julien\documents\visual studio 2013\projects\game\debug\game.pdb
c:\users\julien\documents\visual studio 2013\projects\game\game\debug\game.tlog\cl.command.1.tlog
c:\users\julien\documents\visual studio 2013\projects\game\game\debug\game.tlog\cl.read.1.tlog
c:\users\julien\documents\visual studio 2013\projects\game\game\debug\game.tlog\cl.write.1.tlog
c:\users\julien\documents\visual studio 2013\projects\game\game\debug\game.tlog\link.6176-cvtres.read.1.tlog
c:\users\julien\documents\visual studio 2013\projects\game\game\debug\game.tlog\link.6176-cvtres.write.1.tlog
c:\users\julien\documents\visual studio 2013\projects\game\game\debug\game.tlog\link.6176-rc.read.1.tlog
c:\users\julien\documents\visual studio 2013\projects\game\game\debug\game.tlog\link.6176-rc.write.1.tlog
c:\users\julien\documents\visual studio 2013\projects\game\game\debug\game.tlog\link.6176.read.1.tlog
c:\users\julien\documents\visual studio 2013\projects\game\game\debug\game.tlog\link.6176.write.1.tlog
c:\users\julien\documents\visual studio 2013\projects\game\game\debug\game.tlog\link.command.1.tlog
c:\users\julien\documents\visual studio 2013\projects\game\game\debug\game.tlog\link.read.1.tlog
c:\users\julien\documents\visual studio 2013\projects\game\game\debug\game.tlog\link.write.1.tlog
